# JRE version: Java(TM) SE Runtime Environment (8.0_171-b11) (build 1.8.0_171-b11)
# Java VM: Java HotSpot(TM) Client VM (25.171-b11 mixed mode windows-x86 )
Heap:
 def new generation   total 4928K, used 2018K [0x10200000, 0x10750000, 0x15750000)
  eden space 4416K,  37% used [0x10200000, 0x1039c330, 0x10650000)
  from space 512K,  72% used [0x10650000, 0x106ac6c8, 0x106d0000)
  to   space 512K,   0% used [0x106d0000, 0x106d0000, 0x10750000)
 tenured generation   total 10944K, used 6859K [0x15750000, 0x16200000, 0x20200000)
   the space 10944K,  62% used [0x15750000, 0x15e02f78, 0x15e03000, 0x16200000)
 Metaspace       used 8749K, capacity 9209K, committed 9216K, reserved 9600K
GC Heap History (10 events):
Event: 186.626 GC heap before
{Heap before GC invocations=27 (full 0):
 def new generation   total 4928K, used 4630K [0x10200000, 0x10750000, 0x15750000)
  eden space 4416K, 100% used [0x10200000, 0x10650000, 0x10650000)
  from space 512K,  41% used [0x106d0000, 0x10705b70, 0x10750000)
  to   space 512K,   0% used [0x10650000, 0x10650000, 0x106d0000)
 tenured generation   total 10944K, used 6409K [0x15750000, 0x16200000, 0x20200000)
   the space 10944K,  58% used [0x15750000, 0x15d926c8, 0x15d92800, 0x16200000)
 Metaspace       used 8682K, capacity 9120K, committed 9216K, reserved 9600K
Event: 186.629 GC heap after
Heap after GC invocations=28 (full 0):
 def new generation   total 4928K, used 336K [0x10200000, 0x10750000, 0x15750000)
  eden space 4416K,   0% used [0x10200000, 0x10200000, 0x10650000)
  from space 512K,  65% used [0x10650000, 0x106a4350, 0x106d0000)
  to   space 512K,   0% used [0x106d0000, 0x106d0000, 0x10750000)
 tenured generation   total 10944K, used 6409K [0x15750000, 0x16200000, 0x20200000)
   the space 10944K,  58% used [0x15750000, 0x15d926c8, 0x15d92800, 0x16200000)
 Metaspace       used 8682K, capacity 9120K, committed 9216K, reserved 9600K
}
Event: 199.300 GC heap before
{Heap before GC invocations=28 (full 0):
 def new generation   total 4928K, used 4752K [0x10200000, 0x10750000, 0x15750000)
  eden space 4416K, 100% used [0x10200000, 0x10650000, 0x10650000)
  from space 512K,  65% used [0x10650000, 0x106a4350, 0x106d0000)
  to   space 512K,   0% used [0x106d0000, 0x106d0000, 0x10750000)
 tenured generation   total 10944K, used 6409K [0x15750000, 0x16200000, 0x20200000)
   the space 10944K,  58% used [0x15750000, 0x15d926c8, 0x15d92800, 0x16200000)
 Metaspace       used 8682K, capacity 9120K, committed 9216K, reserved 9600K
Event: 199.360 GC heap after
Heap after GC invocations=29 (full 0):
 def new generation   total 4928K, used 263K [0x10200000, 0x10750000, 0x15750000)
  eden space 4416K,   0% used [0x10200000, 0x10200000, 0x10650000)
  from space 512K,  51% used [0x106d0000, 0x10711d98, 0x10750000)
  to   space 512K,   0% used [0x10650000, 0x10650000, 0x106d0000)
 tenured generation   total 10944K, used 6579K [0x15750000, 0x16200000, 0x20200000)
   the space 10944K,  60% used [0x15750000, 0x15dbcc20, 0x15dbce00, 0x16200000)
 Metaspace       used 8682K, capacity 9120K, committed 9216K, reserved 9600K
}
Event: 215.387 GC heap before
{Heap before GC invocations=29 (full 0):
 def new generation   total 4928K, used 4679K [0x10200000, 0x10750000, 0x15750000)
  eden space 4416K, 100% used [0x10200000, 0x10650000, 0x10650000)
  from space 512K,  51% used [0x106d0000, 0x10711d98, 0x10750000)
  to   space 512K,   0% used [0x10650000, 0x10650000, 0x106d0000)
 tenured generation   total 10944K, used 6579K [0x15750000, 0x16200000, 0x20200000)
   the space 10944K,  60% used [0x15750000, 0x15dbcc20, 0x15dbce00, 0x16200000)
 Metaspace       used 8682K, capacity 9120K, committed 9216K, reserved 9600K
Event: 215.388 GC heap after
Heap after GC invocations=30 (full 0):
 def new generation   total 4928K, used 318K [0x10200000, 0x10750000, 0x15750000)
  eden space 4416K,   0% used [0x10200000, 0x10200000, 0x10650000)
  from space 512K,  62% used [0x10650000, 0x1069fa88, 0x106d0000)
  to   space 512K,   0% used [0x106d0000, 0x106d0000, 0x10750000)
 tenured generation   total 10944K, used 6691K [0x15750000, 0x16200000, 0x20200000)
   the space 10944K,  61% used [0x15750000, 0x15dd8e48, 0x15dd9000, 0x16200000)
 Metaspace       used 8682K, capacity 9120K, committed 9216K, reserved 9600K
}
Event: 233.330 GC heap before
{Heap before GC invocations=30 (full 0):
 def new generation   total 4928K, used 4734K [0x10200000, 0x10750000, 0x15750000)
  eden space 4416K, 100% used [0x10200000, 0x10650000, 0x10650000)
  from space 512K,  62% used [0x10650000, 0x1069fa88, 0x106d0000)
  to   space 512K,   0% used [0x106d0000, 0x106d0000, 0x10750000)
 tenured generation   total 10944K, used 6691K [0x15750000, 0x16200000, 0x20200000)
   the space 10944K,  61% used [0x15750000, 0x15dd8e48, 0x15dd9000, 0x16200000)
 Metaspace       used 8682K, capacity 9120K, committed 9216K, reserved 9600K
Event: 233.331 GC heap after
Heap after GC invocations=31 (full 0):
 def new generation   total 4928K, used 287K [0x10200000, 0x10750000, 0x15750000)
  eden space 4416K,   0% used [0x10200000, 0x10200000, 0x10650000)
  from space 512K,  56% used [0x106d0000, 0x10717d00, 0x10750000)
  to   space 512K,   0% used [0x10650000, 0x10650000, 0x106d0000)
 tenured generation   total 10944K, used 6802K [0x15750000, 0x16200000, 0x20200000)
   the space 10944K,  62% used [0x15750000, 0x15df4b08, 0x15df4c00, 0x16200000)
 Metaspace       used 8682K, capacity 9120K, committed 9216K, reserved 9600K
}
Event: 244.515 GC heap before
{Heap before GC invocations=31 (full 0):
 def new generation   total 4928K, used 4703K [0x10200000, 0x10750000, 0x15750000)
  eden space 4416K, 100% used [0x10200000, 0x10650000, 0x10650000)
  from space 512K,  56% used [0x106d0000, 0x10717d00, 0x10750000)
  to   space 512K,   0% used [0x10650000, 0x10650000, 0x106d0000)
 tenured generation   total 10944K, used 6802K [0x15750000, 0x16200000, 0x20200000)
   the space 10944K,  62% used [0x15750000, 0x15df4b08, 0x15df4c00, 0x16200000)
 Metaspace       used 8733K, capacity 9177K, committed 9216K, reserved 9600K
Event: 244.518 GC heap after
Heap after GC invocations=32 (full 0):
 def new generation   total 4928K, used 369K [0x10200000, 0x10750000, 0x15750000)
  eden space 4416K,   0% used [0x10200000, 0x10200000, 0x10650000)
  from space 512K,  72% used [0x10650000, 0x106ac6c8, 0x106d0000)
  to   space 512K,   0% used [0x106d0000, 0x106d0000, 0x10750000)
 tenured generation   total 10944K, used 6859K [0x15750000, 0x16200000, 0x20200000)
   the space 10944K,  62% used [0x15750000, 0x15e02f78, 0x15e03000, 0x16200000)
 Metaspace       used 8733K, capacity 9177K, committed 9216K, reserved 9600K
}

